Microsoft (R) Visual C# Compiler version 4.7.3190.0
for C# 5
Copyright (C) Microsoft Corporation. All rights reserved.

This compiler is provided as part of the Microsoft (R) .NET Framework, but only supports language versions up to C# 5, which is no longer the latest version. For compilers that support newer versions of the C# programming language, see http://go.microsoft.com/fwlink/?LinkID=533240

src\GameMain.cs(3,7): error CS0138: A using namespace directive can only be applied to namespaces; 'SwinGameSDK.SwinGame' is a type not a namespace
lib\SwinGame.dll: (Location of symbol related to previous error)
src\UtilityFunctions.cs(17,7): error CS0246: The type or namespace name 'SwinGame' could not be found (are you missing a using directive or an assembly reference?)
src\GameController.cs(24,20): error CS0246: The type or namespace name 'Stack' could not be found (are you missing a using directive or an assembly reference?)
src\HighScoreController.cs(45,17): error CS0246: The type or namespace name 'List' could not be found (are you missing a using directive or an assembly reference?)
src\Model\AIMediumPlayer.cs(21,10): error CS0246: The type or namespace name 'Stack' could not be found (are you missing a using directive or an assembly reference?)
src\Model\AIPlayer.cs(13,18): warning CS0660: 'AIPlayer.Location' defines operator == or operator != but does not override Object.Equals(object o)
src\Model\AIPlayer.cs(13,18): warning CS0661: 'AIPlayer.Location' defines operator == or operator != but does not override Object.GetHashCode()
src\Model\Player.cs(203,12): error CS0305: Using the generic type 'System.Collections.Generic.IEnumerator<T>' requires 1 type arguments
c:\Windows\Microsoft.NET\Framework\v4.0.30319\mscorlib.dll: (Location of symbol related to previous error)
src\Model\SeaGrid.cs(17,10): error CS0246: The type or namespace name 'Dictionary' could not be found (are you missing a using directive or an assembly reference?)
src\Model\SeaGrid.cs(97,17): error CS0246: The type or namespace name 'Dictionary' could not be found (are you missing a using directive or an assembly reference?)
src\Model\Ship.cs(16,10): error CS0246: The type or namespace name 'List' could not be found (are you missing a using directive or an assembly reference?)
src\UtilityFunctions.cs(35,33): error CS0246: The type or namespace name 'Color' could not be found (are you missing a using directive or an assembly reference?)
src\UtilityFunctions.cs(36,33): error CS0246: The type or namespace name 'Color' could not be found (are you missing a using directive or an assembly reference?)
src\UtilityFunctions.cs(37,33): error CS0246: The type or namespace name 'Color' could not be found (are you missing a using directive or an assembly reference?)
src\UtilityFunctions.cs(38,33): error CS0246: The type or namespace name 'Color' could not be found (are you missing a using directive or an assembly reference?)
src\UtilityFunctions.cs(40,33): error CS0246: The type or namespace name 'Color' could not be found (are you missing a using directive or an assembly reference?)
src\UtilityFunctions.cs(41,33): error CS0246: The type or namespace name 'Color' could not be found (are you missing a using directive or an assembly reference?)
src\UtilityFunctions.cs(42,33): error CS0246: The type or namespace name 'Color' could not be found (are you missing a using directive or an assembly reference?)
src\UtilityFunctions.cs(43,33): error CS0246: The type or namespace name 'Color' could not be found (are you missing a using directive or an assembly reference?)
src\UtilityFunctions.cs(45,33): error CS0246: The type or namespace name 'Color' could not be found (are you missing a using directive or an assembly reference?)
src\UtilityFunctions.cs(46,33): error CS0246: The type or namespace name 'Color' could not be found (are you missing a using directive or an assembly reference?)
src\UtilityFunctions.cs(47,33): error CS0246: The type or namespace name 'Color' could not be found (are you missing a using directive or an assembly reference?)
src\UtilityFunctions.cs(48,33): error CS0246: The type or namespace name 'Color' could not be found (are you missing a using directive or an assembly reference?)
src\UtilityFunctions.cs(303,29): error CS0246: The type or namespace name 'Sprite' could not be found (are you missing a using directive or an assembly reference?)
